0 info it worked if it ends with ok
1 verbose cli [ 'C:\\Program Files\\nodejs\\node.exe',
1 verbose cli   'C:\\Program Files\\nodejs\\node_modules\\npm\\bin\\npm-cli.js',
1 verbose cli   'install' ]
2 info using npm@3.10.10
3 info using node@v6.11.1
4 silly loadCurrentTree Starting
5 silly install loadCurrentTree
6 silly install readLocalPackageData
7 silly install normalizeTree
8 silly loadCurrentTree Finishing
9 silly loadIdealTree Starting
10 silly install loadIdealTree
11 silly cloneCurrentTree Starting
12 silly install cloneCurrentTreeToIdealTree
13 silly cloneCurrentTree Finishing
14 silly loadShrinkwrap Starting
15 silly install loadShrinkwrap
16 silly loadShrinkwrap Finishing
17 silly loadAllDepsIntoIdealTree Starting
18 silly install loadAllDepsIntoIdealTree
19 silly loadAllDepsIntoIdealTree Finishing
20 silly loadIdealTree Finishing
21 silly currentTree r@0.0.1
21 silly currentTree +-- @types/classnames@0.0.32
21 silly currentTree +-- @types/cors@2.8.1
21 silly currentTree +-- @types/ejs@2.3.33
21 silly currentTree +-- @types/express-serve-static-core@4.0.53
21 silly currentTree +-- @types/express@4.0.37
21 silly currentTree +-- @types/mime@2.0.0
21 silly currentTree +-- @types/mocha@2.2.43
21 silly currentTree +-- @types/node@7.0.43
21 silly currentTree +-- @types/query-string@3.0.32
21 silly currentTree +-- @types/rx@2.5.34
21 silly currentTree +-- @types/serve-static@1.7.32
21 silly currentTree +-- @types/socket.io-client@1.4.30
21 silly currentTree +-- @types/socket.io@1.4.31
21 silly currentTree +-- @types/source-map@0.5.1
21 silly currentTree +-- @types/tapable@0.2.4
21 silly currentTree +-- @types/uglify-js@2.6.29
21 silly currentTree +-- @types/uuid@3.4.2
21 silly currentTree +-- @types/webpack-env@1.13.1
21 silly currentTree +-- @types/webpack@2.2.16
21 silly currentTree +-- accepts@1.3.4
21 silly currentTree | +-- mime-db@1.30.0
21 silly currentTree | `-- mime-types@2.1.17
21 silly currentTree +-- after@0.8.2
21 silly currentTree +-- ajv@4.11.8
21 silly currentTree +-- ansi-regex@2.1.1
21 silly currentTree +-- ansi-styles@2.2.1
21 silly currentTree +-- applicationinsights@0.22.0
21 silly currentTree +-- arr-diff@2.0.0
21 silly currentTree +-- arr-flatten@1.1.0
21 silly currentTree +-- array-differ@1.0.0
21 silly currentTree +-- array-flatten@1.1.1
21 silly currentTree +-- array-union@1.0.2
21 silly currentTree +-- array-uniq@1.0.3
21 silly currentTree +-- array-unique@0.2.1
21 silly currentTree +-- arraybuffer.slice@0.0.6
21 silly currentTree +-- arrify@1.0.1
21 silly currentTree +-- asap@2.0.6
21 silly currentTree +-- asn1@0.2.3
21 silly currentTree +-- assert-plus@0.2.0
21 silly currentTree +-- asynckit@0.4.0
21 silly currentTree +-- aws-sign2@0.6.0
21 silly currentTree +-- aws4@1.6.0
21 silly currentTree +-- backo2@1.0.2
21 silly currentTree +-- balanced-match@1.0.0
21 silly currentTree +-- base64-arraybuffer@0.1.5
21 silly currentTree +-- base64id@1.0.0
21 silly currentTree +-- bcrypt-pbkdf@1.0.1
21 silly currentTree +-- beeper@1.1.1
21 silly currentTree +-- better-assert@1.0.2
21 silly currentTree +-- blob@0.0.4
21 silly currentTree +-- block-stream@0.0.9
21 silly currentTree +-- body-parser@1.18.2
21 silly currentTree | `-- qs@6.5.1
21 silly currentTree +-- boom@2.10.1
21 silly currentTree +-- brace-expansion@1.1.8
21 silly currentTree +-- braces@1.8.5
21 silly currentTree +-- browser-stdout@1.3.0
21 silly currentTree +-- buffer-crc32@0.2.13
21 silly currentTree +-- bytes@3.0.0
21 silly currentTree +-- callsite@1.0.0
21 silly currentTree +-- caseless@0.11.0
21 silly currentTree +-- chalk@1.1.3
21 silly currentTree | `-- supports-color@2.0.0
21 silly currentTree +-- classnames@2.2.5
21 silly currentTree +-- clone-buffer@1.0.0
21 silly currentTree +-- clone-stats@0.0.1
21 silly currentTree +-- clone@1.0.2
21 silly currentTree +-- cloneable-readable@1.0.0
21 silly currentTree +-- co@4.6.0
21 silly currentTree +-- combined-stream@1.0.5
21 silly currentTree +-- commander@2.11.0
21 silly currentTree +-- component-bind@1.0.0
21 silly currentTree +-- component-emitter@1.2.1
21 silly currentTree +-- component-inherit@0.0.3
21 silly currentTree +-- concat-map@0.0.1
21 silly currentTree +-- content-disposition@0.5.2
21 silly currentTree +-- content-type@1.0.4
21 silly currentTree +-- convert-source-map@1.5.0
21 silly currentTree +-- cookie-signature@1.0.6
21 silly currentTree +-- cookie@0.3.1
21 silly currentTree +-- core-util-is@1.0.2
21 silly currentTree +-- cors@2.8.4
21 silly currentTree | `-- object-assign@4.1.1
21 silly currentTree +-- cryptiles@2.0.5
21 silly currentTree +-- dashdash@1.14.1
21 silly currentTree | `-- assert-plus@1.0.0
21 silly currentTree +-- dateformat@2.0.0
21 silly currentTree +-- debug@2.6.9
21 silly currentTree +-- deep-assign@1.0.0
21 silly currentTree +-- deep-is@0.1.2
21 silly currentTree +-- delayed-stream@1.0.0
21 silly currentTree +-- depd@1.1.1
21 silly currentTree +-- destroy@1.0.4
21 silly currentTree +-- diagnostic-channel-publishers@0.2.1
21 silly currentTree +-- diagnostic-channel@0.2.0
21 silly currentTree +-- dotnet@1.1.4
21 silly currentTree +-- duplexer@0.1.1
21 silly currentTree +-- duplexer2@0.0.2
21 silly currentTree | +-- isarray@0.0.1
21 silly currentTree | +-- readable-stream@1.1.14
21 silly currentTree | `-- string_decoder@0.10.31
21 silly currentTree +-- duplexify@3.5.0
21 silly currentTree +-- ecc-jsbn@0.1.1
21 silly currentTree +-- ee-first@1.1.1
21 silly currentTree +-- ejs@2.5.7
21 silly currentTree +-- encodeurl@1.0.1
21 silly currentTree +-- end-of-stream@1.0.0
21 silly currentTree | `-- once@1.3.3
21 silly currentTree +-- engine.io-client@3.1.2
21 silly currentTree +-- engine.io-parser@2.1.1
21 silly currentTree +-- engine.io@3.1.2
21 silly currentTree | `-- accepts@1.3.3
21 silly currentTree +-- escape-html@1.0.3
21 silly currentTree +-- escape-string-regexp@1.0.2
21 silly currentTree +-- etag@1.8.1
21 silly currentTree +-- event-stream@3.3.4
21 silly currentTree +-- expand-brackets@0.1.5
21 silly currentTree +-- expand-range@1.8.2
21 silly currentTree +-- express@4.16.1
21 silly currentTree | `-- qs@6.5.1
21 silly currentTree +-- extend-shallow@2.0.1
21 silly currentTree +-- extend@3.0.1
21 silly currentTree +-- extglob@0.3.2
21 silly currentTree | `-- is-extglob@1.0.0
21 silly currentTree +-- extsprintf@1.0.2
21 silly currentTree +-- fancy-log@1.3.0
21 silly currentTree +-- fd-slicer@1.0.1
21 silly currentTree +-- filename-regex@2.0.1
21 silly currentTree +-- fill-range@2.2.3
21 silly currentTree +-- finalhandler@1.1.0
21 silly currentTree +-- first-chunk-stream@1.0.0
21 silly currentTree +-- for-in@1.0.2
21 silly currentTree +-- for-own@0.1.5
21 silly currentTree +-- forever-agent@0.6.1
21 silly currentTree +-- form-data@2.1.4
21 silly currentTree +-- forwarded@0.1.2
21 silly currentTree +-- fresh@0.5.2
21 silly currentTree +-- from@0.1.7
21 silly currentTree +-- fs.realpath@1.0.0
21 silly currentTree +-- fstream@1.0.11
21 silly currentTree +-- generate-function@2.0.0
21 silly currentTree +-- generate-object-property@1.2.0
21 silly currentTree +-- getenv@0.7.0
21 silly currentTree +-- getpass@0.1.7
21 silly currentTree | `-- assert-plus@1.0.0
21 silly currentTree +-- glob-base@0.3.0
21 silly currentTree | +-- glob-parent@2.0.0
21 silly currentTree | +-- is-extglob@1.0.0
21 silly currentTree | `-- is-glob@2.0.1
21 silly currentTree +-- glob-parent@3.1.0
21 silly currentTree +-- glob-stream@5.3.5
21 silly currentTree | +-- glob@5.0.15
21 silly currentTree | +-- isarray@0.0.1
21 silly currentTree | +-- minimatch@3.0.4
21 silly currentTree | +-- readable-stream@1.0.34
21 silly currentTree | +-- string_decoder@0.10.31
21 silly currentTree | `-- through2@0.6.5
21 silly currentTree +-- glogg@1.0.0
21 silly currentTree +-- graceful-fs@4.1.11
21 silly currentTree +-- graceful-readlink@1.0.1
21 silly currentTree +-- growl@1.9.2
21 silly currentTree +-- gulp-chmod@2.0.0
21 silly currentTree +-- gulp-filter@5.0.0
21 silly currentTree +-- gulp-gunzip@0.0.3
21 silly currentTree | +-- clone@0.2.0
21 silly currentTree | +-- isarray@0.0.1
21 silly currentTree | +-- readable-stream@1.0.34
21 silly currentTree | +-- string_decoder@0.10.31
21 silly currentTree | +-- through2@0.6.5
21 silly currentTree | `-- vinyl@0.4.6
21 silly currentTree +-- gulp-remote-src@0.4.2
21 silly currentTree | +-- clone-stats@1.0.0
21 silly currentTree | +-- replace-ext@1.0.0
21 silly currentTree | +-- request@2.79.0
21 silly currentTree | `-- vinyl@2.0.2
21 silly currentTree +-- gulp-sourcemaps@1.6.0
21 silly currentTree | `-- vinyl@1.2.0
21 silly currentTree +-- gulp-symdest@1.1.0
21 silly currentTree +-- gulp-untar@0.0.6
21 silly currentTree +-- gulp-util@3.0.8
21 silly currentTree | `-- minimist@1.2.0
21 silly currentTree +-- gulp-vinyl-zip@1.4.0
21 silly currentTree | +-- clone@0.2.0
21 silly currentTree | +-- isarray@0.0.1
21 silly currentTree | +-- readable-stream@1.0.34
21 silly currentTree | +-- string_decoder@0.10.31
21 silly currentTree | +-- through2@0.6.5
21 silly currentTree | `-- vinyl@0.4.6
21 silly currentTree +-- gulplog@1.0.0
21 silly currentTree +-- har-schema@1.0.5
21 silly currentTree +-- har-validator@2.0.6
21 silly currentTree | `-- commander@2.11.0
21 silly currentTree +-- has-ansi@2.0.0
21 silly currentTree +-- has-binary2@1.0.2
21 silly currentTree | `-- isarray@2.0.1
21 silly currentTree +-- has-cors@1.1.0
21 silly currentTree +-- has-flag@1.0.0
21 silly currentTree +-- has-gulplog@0.1.0
21 silly currentTree +-- hawk@3.1.3
21 silly currentTree +-- he@1.1.1
21 silly currentTree +-- hoek@2.16.3
21 silly currentTree +-- http-errors@1.6.2
21 silly currentTree | `-- setprototypeof@1.0.3
21 silly currentTree +-- http-signature@1.1.1
21 silly currentTree +-- iconv-lite@0.4.19
21 silly currentTree +-- indexof@0.0.1
21 silly currentTree +-- inflight@1.0.6
21 silly currentTree +-- inherits@2.0.3
21 silly currentTree +-- ipaddr.js@1.5.2
21 silly currentTree +-- is-buffer@1.1.5
21 silly currentTree +-- is-dotfile@1.0.3
21 silly currentTree +-- is-equal-shallow@0.1.3
21 silly currentTree +-- is-extendable@0.1.1
21 silly currentTree +-- is-extglob@2.1.1
21 silly currentTree +-- is-glob@3.1.0
21 silly currentTree +-- is-my-json-valid@2.16.0
21 silly currentTree +-- is-number@2.1.0
21 silly currentTree +-- is-obj@1.0.1
21 silly currentTree +-- is-posix-bracket@0.1.1
21 silly currentTree +-- is-primitive@2.0.0
21 silly currentTree +-- is-property@1.0.2
21 silly currentTree +-- is-stream@1.1.0
21 silly currentTree +-- is-typedarray@1.0.0
21 silly currentTree +-- is-utf8@0.2.1
21 silly currentTree +-- is-valid-glob@0.3.0
21 silly currentTree +-- is-wsl@1.1.0
21 silly currentTree +-- is@3.2.1
21 silly currentTree +-- is2@0.0.9
21 silly currentTree +-- isarray@1.0.0
21 silly currentTree +-- isobject@2.1.0
21 silly currentTree +-- isstream@0.1.2
21 silly currentTree +-- jsbn@0.1.1
21 silly currentTree +-- json-schema@0.2.3
21 silly currentTree +-- json-stable-stringify@1.0.1
21 silly currentTree +-- json-stringify-safe@5.0.1
21 silly currentTree +-- json3@3.3.2
21 silly currentTree +-- jsonify@0.0.0
21 silly currentTree +-- jsonpointer@4.0.1
21 silly currentTree +-- jsprim@1.4.0
21 silly currentTree | `-- assert-plus@1.0.0
21 silly currentTree +-- kind-of@3.2.2
21 silly currentTree +-- lazystream@1.0.0
21 silly currentTree +-- lodash._baseassign@3.2.0
21 silly currentTree +-- lodash._basecopy@3.0.1
21 silly currentTree +-- lodash._basecreate@3.0.3
21 silly currentTree +-- lodash._basetostring@3.0.1
21 silly currentTree +-- lodash._basevalues@3.0.0
21 silly currentTree +-- lodash._getnative@3.9.1
21 silly currentTree +-- lodash._isiterateecall@3.0.9
21 silly currentTree +-- lodash._reescape@3.0.0
21 silly currentTree +-- lodash._reevaluate@3.0.0
21 silly currentTree +-- lodash._reinterpolate@3.0.0
21 silly currentTree +-- lodash._root@3.0.1
21 silly currentTree +-- lodash.create@3.1.1
21 silly currentTree +-- lodash.escape@3.2.0
21 silly currentTree +-- lodash.isarguments@3.1.0
21 silly currentTree +-- lodash.isarray@3.0.4
21 silly currentTree +-- lodash.isequal@4.5.0
21 silly currentTree +-- lodash.keys@3.1.2
21 silly currentTree +-- lodash.restparam@3.6.1
21 silly currentTree +-- lodash.template@3.6.2
21 silly currentTree +-- lodash.templatesettings@3.1.1
21 silly currentTree +-- macaddress@0.2.8
21 silly currentTree +-- map-stream@0.1.0
21 silly currentTree +-- media-typer@0.3.0
21 silly currentTree +-- merge-descriptors@1.0.1
21 silly currentTree +-- merge-stream@1.0.1
21 silly currentTree +-- methods@1.1.2
21 silly currentTree +-- micromatch@2.3.11
21 silly currentTree | +-- is-extglob@1.0.0
21 silly currentTree | `-- is-glob@2.0.1
21 silly currentTree +-- mime-db@1.27.0
21 silly currentTree +-- mime-types@2.1.15
21 silly currentTree +-- mime@1.4.1
21 silly currentTree +-- minimist@0.0.8
21 silly currentTree +-- mkdirp@0.5.1
21 silly currentTree +-- mocha@3.5.3
21 silly currentTree | +-- commander@2.9.0
21 silly currentTree | +-- debug@2.6.8
21 silly currentTree | +-- diff@3.2.0
21 silly currentTree | +-- escape-string-regexp@1.0.5
21 silly currentTree | +-- glob@7.1.1
21 silly currentTree | +-- minimatch@3.0.4
21 silly currentTree | +-- ms@2.0.0
21 silly currentTree | `-- supports-color@3.1.2
21 silly currentTree +-- ms@2.0.0
21 silly currentTree +-- multimatch@2.1.0
21 silly currentTree | `-- minimatch@3.0.4
21 silly currentTree +-- multipipe@0.1.2
21 silly currentTree +-- negotiator@0.6.1
21 silly currentTree +-- node.extend@1.1.6
21 silly currentTree +-- normalize-path@2.1.1
21 silly currentTree +-- oauth-sign@0.8.2
21 silly currentTree +-- object-assign@3.0.0
21 silly currentTree +-- object-component@0.0.3
21 silly currentTree +-- object.omit@2.0.1
21 silly currentTree +-- on-finished@2.3.0
21 silly currentTree +-- once@1.4.0
21 silly currentTree +-- opn@5.1.0
21 silly currentTree +-- ordered-read-streams@0.3.0
21 silly currentTree +-- parse-glob@3.0.4
21 silly currentTree | +-- is-extglob@1.0.0
21 silly currentTree | `-- is-glob@2.0.1
21 silly currentTree +-- parseqs@0.0.5
21 silly currentTree +-- parseuri@0.0.5
21 silly currentTree +-- parseurl@1.3.2
21 silly currentTree +-- path-dirname@1.0.2
21 silly currentTree +-- path-is-absolute@1.0.1
21 silly currentTree +-- path-to-regexp@0.1.7
21 silly currentTree +-- pause-stream@0.0.11
21 silly currentTree +-- pend@1.2.0
21 silly currentTree +-- performance-now@0.2.0
21 silly currentTree +-- pinkie-promise@2.0.1
21 silly currentTree +-- pinkie@2.0.4
21 silly currentTree +-- preserve@0.2.0
21 silly currentTree +-- process-nextick-args@1.0.7
21 silly currentTree +-- promise@8.0.1
21 silly currentTree +-- proxy-addr@2.0.2
21 silly currentTree +-- punycode@1.4.1
21 silly currentTree +-- q@0.9.7
21 silly currentTree +-- qs@6.3.2
21 silly currentTree +-- query-string@4.3.4
21 silly currentTree | `-- object-assign@4.1.1
21 silly currentTree +-- querystringify@1.0.0
21 silly currentTree +-- queue@3.1.0
21 silly currentTree +-- randomatic@1.1.7
21 silly currentTree | +-- is-number@3.0.0
21 silly currentTree | | `-- kind-of@3.2.2
21 silly currentTree | `-- kind-of@4.0.0
21 silly currentTree +-- range-parser@1.2.0
21 silly currentTree +-- raw-body@2.3.2
21 silly currentTree +-- readable-stream@2.3.3
21 silly currentTree +-- regex-cache@0.4.3
21 silly currentTree +-- remove-trailing-separator@1.0.2
21 silly currentTree +-- repeat-element@1.1.2
21 silly currentTree +-- repeat-string@1.6.1
21 silly currentTree +-- replace-ext@0.0.1
21 silly currentTree +-- request@2.81.0
21 silly currentTree | +-- caseless@0.12.0
21 silly currentTree | +-- har-validator@4.2.1
21 silly currentTree | +-- qs@6.4.0
21 silly currentTree | `-- tunnel-agent@0.6.0
21 silly currentTree +-- requirejs@2.3.5
21 silly currentTree +-- requires-port@1.0.0
21 silly currentTree +-- rimraf@2.6.1
21 silly currentTree | +-- glob@7.1.2
21 silly currentTree | `-- minimatch@3.0.4
21 silly currentTree +-- rx@4.1.0
21 silly currentTree +-- safe-buffer@5.1.1
21 silly currentTree +-- semver@5.3.0
21 silly currentTree +-- send@0.16.1
21 silly currentTree +-- serve-static@1.13.1
21 silly currentTree +-- setprototypeof@1.1.0
21 silly currentTree +-- sntp@1.0.9
21 silly currentTree +-- socket.io-adapter@1.1.1
21 silly currentTree +-- socket.io-client@2.0.3
21 silly currentTree +-- socket.io-parser@3.1.2
21 silly currentTree | `-- isarray@2.0.1
21 silly currentTree +-- socket.io@2.0.3
21 silly currentTree | `-- object-assign@4.1.1
21 silly currentTree +-- source-map-support@0.4.15
21 silly currentTree +-- source-map@0.5.6
21 silly currentTree +-- sparkles@1.0.0
21 silly currentTree +-- split@0.3.3
21 silly currentTree +-- sshpk@1.13.1
21 silly currentTree | `-- assert-plus@1.0.0
21 silly currentTree +-- stat-mode@0.2.2
21 silly currentTree +-- statuses@1.3.1
21 silly currentTree +-- stream-combiner@0.0.4
21 silly currentTree +-- stream-shift@1.0.0
21 silly currentTree +-- streamfilter@1.0.5
21 silly currentTree +-- streamifier@0.1.1
21 silly currentTree +-- strict-uri-encode@1.1.0
21 silly currentTree +-- string_decoder@1.0.3
21 silly currentTree +-- stringstream@0.0.5
21 silly currentTree +-- strip-ansi@3.0.1
21 silly currentTree +-- strip-bom-stream@1.0.0
21 silly currentTree +-- strip-bom@2.0.0
21 silly currentTree +-- tar@2.2.1
21 silly currentTree +-- tcp-port-used@0.1.2
21 silly currentTree | `-- debug@0.7.4
21 silly currentTree +-- through@2.3.8
21 silly currentTree +-- through2-filter@2.0.0
21 silly currentTree +-- through2@2.0.3
21 silly currentTree +-- time-stamp@1.1.0
21 silly currentTree +-- to-absolute-glob@0.1.1
21 silly currentTree +-- to-array@0.1.4
21 silly currentTree +-- tough-cookie@2.3.2
21 silly currentTree +-- tunnel-agent@0.4.3
21 silly currentTree +-- tweetnacl@0.14.5
21 silly currentTree +-- type-is@1.6.15
21 silly currentTree +-- typescript@2.5.2
21 silly currentTree +-- ultron@1.1.0
21 silly currentTree +-- uniqid@4.1.1
21 silly currentTree +-- unique-stream@2.2.1
21 silly currentTree +-- unpipe@1.0.0
21 silly currentTree +-- url-parse@1.1.9
21 silly currentTree +-- util-deprecate@1.0.2
21 silly currentTree +-- utils-merge@1.0.1
21 silly currentTree +-- uuid@3.1.0
21 silly currentTree +-- uws@0.14.5
21 silly currentTree +-- vali-date@1.0.0
21 silly currentTree +-- vary@1.1.2
21 silly currentTree +-- verror@1.3.6
21 silly currentTree +-- vinyl-fs@2.4.4
21 silly currentTree | +-- object-assign@4.1.1
21 silly currentTree | `-- vinyl@1.2.0
21 silly currentTree +-- vinyl-source-stream@1.1.0
21 silly currentTree | +-- clone@0.2.0
21 silly currentTree | +-- isarray@0.0.1
21 silly currentTree | +-- readable-stream@1.0.34
21 silly currentTree | +-- string_decoder@0.10.31
21 silly currentTree | +-- through2@0.6.5
21 silly currentTree | `-- vinyl@0.4.6
21 silly currentTree +-- vinyl@0.5.3
21 silly currentTree +-- vscode-extension-telemetry@0.0.8
21 silly currentTree | +-- applicationinsights@0.18.0
21 silly currentTree | `-- winreg@1.2.3
21 silly currentTree +-- vscode-jsonrpc@3.4.0
21 silly currentTree +-- vscode-languageclient@3.4.2
21 silly currentTree +-- vscode-languageserver-protocol@3.4.1
21 silly currentTree +-- vscode-languageserver-types@3.4.0
21 silly currentTree +-- vscode@1.1.5
21 silly currentTree | +-- commander@2.9.0
21 silly currentTree | +-- debug@2.6.8
21 silly currentTree | +-- diff@3.2.0
21 silly currentTree | +-- escape-string-regexp@1.0.5
21 silly currentTree | +-- glob@7.1.2
21 silly currentTree | +-- minimatch@3.0.4
21 silly currentTree | +-- mocha@3.5.3
21 silly currentTree | | `-- glob@7.1.1
21 silly currentTree | +-- ms@2.0.0
21 silly currentTree | `-- supports-color@3.1.2
21 silly currentTree +-- wrappy@1.0.2
21 silly currentTree +-- ws@2.3.1
21 silly currentTree | `-- safe-buffer@5.0.1
21 silly currentTree +-- xmlhttprequest-ssl@1.5.3
21 silly currentTree +-- xtend@4.0.1
21 silly currentTree +-- yauzl@2.8.0
21 silly currentTree +-- yazl@2.4.2
21 silly currentTree +-- yeast@0.1.2
21 silly currentTree `-- zone.js@0.7.6
22 silly idealTree r@0.0.1
22 silly idealTree +-- @types/classnames@0.0.32
22 silly idealTree +-- @types/cors@2.8.1
22 silly idealTree +-- @types/ejs@2.3.33
22 silly idealTree +-- @types/express-serve-static-core@4.0.53
22 silly idealTree +-- @types/express@4.0.37
22 silly idealTree +-- @types/mime@2.0.0
22 silly idealTree +-- @types/mocha@2.2.43
22 silly idealTree +-- @types/node@7.0.43
22 silly idealTree +-- @types/query-string@3.0.32
22 silly idealTree +-- @types/rx@2.5.34
22 silly idealTree +-- @types/serve-static@1.7.32
22 silly idealTree +-- @types/socket.io-client@1.4.30
22 silly idealTree +-- @types/socket.io@1.4.31
22 silly idealTree +-- @types/source-map@0.5.1
22 silly idealTree +-- @types/tapable@0.2.4
22 silly idealTree +-- @types/uglify-js@2.6.29
22 silly idealTree +-- @types/uuid@3.4.2
22 silly idealTree +-- @types/webpack-env@1.13.1
22 silly idealTree +-- @types/webpack@2.2.16
22 silly idealTree +-- accepts@1.3.4
22 silly idealTree | +-- mime-db@1.30.0
22 silly idealTree | `-- mime-types@2.1.17
22 silly idealTree +-- after@0.8.2
22 silly idealTree +-- ajv@4.11.8
22 silly idealTree +-- ansi-regex@2.1.1
22 silly idealTree +-- ansi-styles@2.2.1
22 silly idealTree +-- applicationinsights@0.22.0
22 silly idealTree +-- arr-diff@2.0.0
22 silly idealTree +-- arr-flatten@1.1.0
22 silly idealTree +-- array-differ@1.0.0
22 silly idealTree +-- array-flatten@1.1.1
22 silly idealTree +-- array-union@1.0.2
22 silly idealTree +-- array-uniq@1.0.3
22 silly idealTree +-- array-unique@0.2.1
22 silly idealTree +-- arraybuffer.slice@0.0.6
22 silly idealTree +-- arrify@1.0.1
22 silly idealTree +-- asap@2.0.6
22 silly idealTree +-- asn1@0.2.3
22 silly idealTree +-- assert-plus@0.2.0
22 silly idealTree +-- asynckit@0.4.0
22 silly idealTree +-- aws-sign2@0.6.0
22 silly idealTree +-- aws4@1.6.0
22 silly idealTree +-- backo2@1.0.2
22 silly idealTree +-- balanced-match@1.0.0
22 silly idealTree +-- base64-arraybuffer@0.1.5
22 silly idealTree +-- base64id@1.0.0
22 silly idealTree +-- bcrypt-pbkdf@1.0.1
22 silly idealTree +-- beeper@1.1.1
22 silly idealTree +-- better-assert@1.0.2
22 silly idealTree +-- blob@0.0.4
22 silly idealTree +-- block-stream@0.0.9
22 silly idealTree +-- body-parser@1.18.2
22 silly idealTree | `-- qs@6.5.1
22 silly idealTree +-- boom@2.10.1
22 silly idealTree +-- brace-expansion@1.1.8
22 silly idealTree +-- braces@1.8.5
22 silly idealTree +-- browser-stdout@1.3.0
22 silly idealTree +-- buffer-crc32@0.2.13
22 silly idealTree +-- bytes@3.0.0
22 silly idealTree +-- callsite@1.0.0
22 silly idealTree +-- caseless@0.11.0
22 silly idealTree +-- chalk@1.1.3
22 silly idealTree | `-- supports-color@2.0.0
22 silly idealTree +-- classnames@2.2.5
22 silly idealTree +-- clone-buffer@1.0.0
22 silly idealTree +-- clone-stats@0.0.1
22 silly idealTree +-- clone@1.0.2
22 silly idealTree +-- cloneable-readable@1.0.0
22 silly idealTree +-- co@4.6.0
22 silly idealTree +-- combined-stream@1.0.5
22 silly idealTree +-- commander@2.11.0
22 silly idealTree +-- component-bind@1.0.0
22 silly idealTree +-- component-emitter@1.2.1
22 silly idealTree +-- component-inherit@0.0.3
22 silly idealTree +-- concat-map@0.0.1
22 silly idealTree +-- content-disposition@0.5.2
22 silly idealTree +-- content-type@1.0.4
22 silly idealTree +-- convert-source-map@1.5.0
22 silly idealTree +-- cookie-signature@1.0.6
22 silly idealTree +-- cookie@0.3.1
22 silly idealTree +-- core-util-is@1.0.2
22 silly idealTree +-- cors@2.8.4
22 silly idealTree | `-- object-assign@4.1.1
22 silly idealTree +-- cryptiles@2.0.5
22 silly idealTree +-- dashdash@1.14.1
22 silly idealTree | `-- assert-plus@1.0.0
22 silly idealTree +-- dateformat@2.0.0
22 silly idealTree +-- debug@2.6.9
22 silly idealTree +-- deep-assign@1.0.0
22 silly idealTree +-- deep-is@0.1.2
22 silly idealTree +-- delayed-stream@1.0.0
22 silly idealTree +-- depd@1.1.1
22 silly idealTree +-- destroy@1.0.4
22 silly idealTree +-- diagnostic-channel-publishers@0.2.1
22 silly idealTree +-- diagnostic-channel@0.2.0
22 silly idealTree +-- dotnet@1.1.4
22 silly idealTree +-- duplexer@0.1.1
22 silly idealTree +-- duplexer2@0.0.2
22 silly idealTree | +-- isarray@0.0.1
22 silly idealTree | +-- readable-stream@1.1.14
22 silly idealTree | `-- string_decoder@0.10.31
22 silly idealTree +-- duplexify@3.5.0
22 silly idealTree +-- ecc-jsbn@0.1.1
22 silly idealTree +-- ee-first@1.1.1
22 silly idealTree +-- ejs@2.5.7
22 silly idealTree +-- encodeurl@1.0.1
22 silly idealTree +-- end-of-stream@1.0.0
22 silly idealTree | `-- once@1.3.3
22 silly idealTree +-- engine.io-client@3.1.2
22 silly idealTree +-- engine.io-parser@2.1.1
22 silly idealTree +-- engine.io@3.1.2
22 silly idealTree | `-- accepts@1.3.3
22 silly idealTree +-- escape-html@1.0.3
22 silly idealTree +-- escape-string-regexp@1.0.2
22 silly idealTree +-- etag@1.8.1
22 silly idealTree +-- event-stream@3.3.4
22 silly idealTree +-- expand-brackets@0.1.5
22 silly idealTree +-- expand-range@1.8.2
22 silly idealTree +-- express@4.16.1
22 silly idealTree | `-- qs@6.5.1
22 silly idealTree +-- extend-shallow@2.0.1
22 silly idealTree +-- extend@3.0.1
22 silly idealTree +-- extglob@0.3.2
22 silly idealTree | `-- is-extglob@1.0.0
22 silly idealTree +-- extsprintf@1.0.2
22 silly idealTree +-- fancy-log@1.3.0
22 silly idealTree +-- fd-slicer@1.0.1
22 silly idealTree +-- filename-regex@2.0.1
22 silly idealTree +-- fill-range@2.2.3
22 silly idealTree +-- finalhandler@1.1.0
22 silly idealTree +-- first-chunk-stream@1.0.0
22 silly idealTree +-- for-in@1.0.2
22 silly idealTree +-- for-own@0.1.5
22 silly idealTree +-- forever-agent@0.6.1
22 silly idealTree +-- form-data@2.1.4
22 silly idealTree +-- forwarded@0.1.2
22 silly idealTree +-- fresh@0.5.2
22 silly idealTree +-- from@0.1.7
22 silly idealTree +-- fs.realpath@1.0.0
22 silly idealTree +-- fstream@1.0.11
22 silly idealTree +-- generate-function@2.0.0
22 silly idealTree +-- generate-object-property@1.2.0
22 silly idealTree +-- getenv@0.7.0
22 silly idealTree +-- getpass@0.1.7
22 silly idealTree | `-- assert-plus@1.0.0
22 silly idealTree +-- glob-base@0.3.0
22 silly idealTree | +-- glob-parent@2.0.0
22 silly idealTree | +-- is-extglob@1.0.0
22 silly idealTree | `-- is-glob@2.0.1
22 silly idealTree +-- glob-parent@3.1.0
22 silly idealTree +-- glob-stream@5.3.5
22 silly idealTree | +-- glob@5.0.15
22 silly idealTree | +-- isarray@0.0.1
22 silly idealTree | +-- minimatch@3.0.4
22 silly idealTree | +-- readable-stream@1.0.34
22 silly idealTree | +-- string_decoder@0.10.31
22 silly idealTree | `-- through2@0.6.5
22 silly idealTree +-- glogg@1.0.0
22 silly idealTree +-- graceful-fs@4.1.11
22 silly idealTree +-- graceful-readlink@1.0.1
22 silly idealTree +-- growl@1.9.2
22 silly idealTree +-- gulp-chmod@2.0.0
22 silly idealTree +-- gulp-filter@5.0.0
22 silly idealTree +-- gulp-gunzip@0.0.3
22 silly idealTree | +-- clone@0.2.0
22 silly idealTree | +-- isarray@0.0.1
22 silly idealTree | +-- readable-stream@1.0.34
22 silly idealTree | +-- string_decoder@0.10.31
22 silly idealTree | +-- through2@0.6.5
22 silly idealTree | `-- vinyl@0.4.6
22 silly idealTree +-- gulp-remote-src@0.4.2
22 silly idealTree | +-- clone-stats@1.0.0
22 silly idealTree | +-- replace-ext@1.0.0
22 silly idealTree | +-- request@2.79.0
22 silly idealTree | `-- vinyl@2.0.2
22 silly idealTree +-- gulp-sourcemaps@1.6.0
22 silly idealTree | `-- vinyl@1.2.0
22 silly idealTree +-- gulp-symdest@1.1.0
22 silly idealTree +-- gulp-untar@0.0.6
22 silly idealTree +-- gulp-util@3.0.8
22 silly idealTree | `-- minimist@1.2.0
22 silly idealTree +-- gulp-vinyl-zip@1.4.0
22 silly idealTree | +-- clone@0.2.0
22 silly idealTree | +-- isarray@0.0.1
22 silly idealTree | +-- readable-stream@1.0.34
22 silly idealTree | +-- string_decoder@0.10.31
22 silly idealTree | +-- through2@0.6.5
22 silly idealTree | `-- vinyl@0.4.6
22 silly idealTree +-- gulplog@1.0.0
22 silly idealTree +-- har-schema@1.0.5
22 silly idealTree +-- har-validator@2.0.6
22 silly idealTree | `-- commander@2.11.0
22 silly idealTree +-- has-ansi@2.0.0
22 silly idealTree +-- has-binary2@1.0.2
22 silly idealTree | `-- isarray@2.0.1
22 silly idealTree +-- has-cors@1.1.0
22 silly idealTree +-- has-flag@1.0.0
22 silly idealTree +-- has-gulplog@0.1.0
22 silly idealTree +-- hawk@3.1.3
22 silly idealTree +-- he@1.1.1
22 silly idealTree +-- hoek@2.16.3
22 silly idealTree +-- http-errors@1.6.2
22 silly idealTree | `-- setprototypeof@1.0.3
22 silly idealTree +-- http-signature@1.1.1
22 silly idealTree +-- iconv-lite@0.4.19
22 silly idealTree +-- indexof@0.0.1
22 silly idealTree +-- inflight@1.0.6
22 silly idealTree +-- inherits@2.0.3
22 silly idealTree +-- ipaddr.js@1.5.2
22 silly idealTree +-- is-buffer@1.1.5
22 silly idealTree +-- is-dotfile@1.0.3
22 silly idealTree +-- is-equal-shallow@0.1.3
22 silly idealTree +-- is-extendable@0.1.1
22 silly idealTree +-- is-extglob@2.1.1
22 silly idealTree +-- is-glob@3.1.0
22 silly idealTree +-- is-my-json-valid@2.16.0
22 silly idealTree +-- is-number@2.1.0
22 silly idealTree +-- is-obj@1.0.1
22 silly idealTree +-- is-posix-bracket@0.1.1
22 silly idealTree +-- is-primitive@2.0.0
22 silly idealTree +-- is-property@1.0.2
22 silly idealTree +-- is-stream@1.1.0
22 silly idealTree +-- is-typedarray@1.0.0
22 silly idealTree +-- is-utf8@0.2.1
22 silly idealTree +-- is-valid-glob@0.3.0
22 silly idealTree +-- is-wsl@1.1.0
22 silly idealTree +-- is@3.2.1
22 silly idealTree +-- is2@0.0.9
22 silly idealTree +-- isarray@1.0.0
22 silly idealTree +-- isobject@2.1.0
22 silly idealTree +-- isstream@0.1.2
22 silly idealTree +-- jsbn@0.1.1
22 silly idealTree +-- json-schema@0.2.3
22 silly idealTree +-- json-stable-stringify@1.0.1
22 silly idealTree +-- json-stringify-safe@5.0.1
22 silly idealTree +-- json3@3.3.2
22 silly idealTree +-- jsonify@0.0.0
22 silly idealTree +-- jsonpointer@4.0.1
22 silly idealTree +-- jsprim@1.4.0
22 silly idealTree | `-- assert-plus@1.0.0
22 silly idealTree +-- kind-of@3.2.2
22 silly idealTree +-- lazystream@1.0.0
22 silly idealTree +-- lodash._baseassign@3.2.0
22 silly idealTree +-- lodash._basecopy@3.0.1
22 silly idealTree +-- lodash._basecreate@3.0.3
22 silly idealTree +-- lodash._basetostring@3.0.1
22 silly idealTree +-- lodash._basevalues@3.0.0
22 silly idealTree +-- lodash._getnative@3.9.1
22 silly idealTree +-- lodash._isiterateecall@3.0.9
22 silly idealTree +-- lodash._reescape@3.0.0
22 silly idealTree +-- lodash._reevaluate@3.0.0
22 silly idealTree +-- lodash._reinterpolate@3.0.0
22 silly idealTree +-- lodash._root@3.0.1
22 silly idealTree +-- lodash.create@3.1.1
22 silly idealTree +-- lodash.escape@3.2.0
22 silly idealTree +-- lodash.isarguments@3.1.0
22 silly idealTree +-- lodash.isarray@3.0.4
22 silly idealTree +-- lodash.isequal@4.5.0
22 silly idealTree +-- lodash.keys@3.1.2
22 silly idealTree +-- lodash.restparam@3.6.1
22 silly idealTree +-- lodash.template@3.6.2
22 silly idealTree +-- lodash.templatesettings@3.1.1
22 silly idealTree +-- macaddress@0.2.8
22 silly idealTree +-- map-stream@0.1.0
22 silly idealTree +-- media-typer@0.3.0
22 silly idealTree +-- merge-descriptors@1.0.1
22 silly idealTree +-- merge-stream@1.0.1
22 silly idealTree +-- methods@1.1.2
22 silly idealTree +-- micromatch@2.3.11
22 silly idealTree | +-- is-extglob@1.0.0
22 silly idealTree | `-- is-glob@2.0.1
22 silly idealTree +-- mime-db@1.27.0
22 silly idealTree +-- mime-types@2.1.15
22 silly idealTree +-- mime@1.4.1
22 silly idealTree +-- minimist@0.0.8
22 silly idealTree +-- mkdirp@0.5.1
22 silly idealTree +-- mocha@3.5.3
22 silly idealTree | +-- commander@2.9.0
22 silly idealTree | +-- debug@2.6.8
22 silly idealTree | +-- diff@3.2.0
22 silly idealTree | +-- escape-string-regexp@1.0.5
22 silly idealTree | +-- glob@7.1.1
22 silly idealTree | +-- minimatch@3.0.4
22 silly idealTree | +-- ms@2.0.0
22 silly idealTree | `-- supports-color@3.1.2
22 silly idealTree +-- ms@2.0.0
22 silly idealTree +-- multimatch@2.1.0
22 silly idealTree | `-- minimatch@3.0.4
22 silly idealTree +-- multipipe@0.1.2
22 silly idealTree +-- negotiator@0.6.1
22 silly idealTree +-- node.extend@1.1.6
22 silly idealTree +-- normalize-path@2.1.1
22 silly idealTree +-- oauth-sign@0.8.2
22 silly idealTree +-- object-assign@3.0.0
22 silly idealTree +-- object-component@0.0.3
22 silly idealTree +-- object.omit@2.0.1
22 silly idealTree +-- on-finished@2.3.0
22 silly idealTree +-- once@1.4.0
22 silly idealTree +-- opn@5.1.0
22 silly idealTree +-- ordered-read-streams@0.3.0
22 silly idealTree +-- parse-glob@3.0.4
22 silly idealTree | +-- is-extglob@1.0.0
22 silly idealTree | `-- is-glob@2.0.1
22 silly idealTree +-- parseqs@0.0.5
22 silly idealTree +-- parseuri@0.0.5
22 silly idealTree +-- parseurl@1.3.2
22 silly idealTree +-- path-dirname@1.0.2
22 silly idealTree +-- path-is-absolute@1.0.1
22 silly idealTree +-- path-to-regexp@0.1.7
22 silly idealTree +-- pause-stream@0.0.11
22 silly idealTree +-- pend@1.2.0
22 silly idealTree +-- performance-now@0.2.0
22 silly idealTree +-- pinkie-promise@2.0.1
22 silly idealTree +-- pinkie@2.0.4
22 silly idealTree +-- preserve@0.2.0
22 silly idealTree +-- process-nextick-args@1.0.7
22 silly idealTree +-- promise@8.0.1
22 silly idealTree +-- proxy-addr@2.0.2
22 silly idealTree +-- punycode@1.4.1
22 silly idealTree +-- q@0.9.7
22 silly idealTree +-- qs@6.3.2
22 silly idealTree +-- query-string@4.3.4
22 silly idealTree | `-- object-assign@4.1.1
22 silly idealTree +-- querystringify@1.0.0
22 silly idealTree +-- queue@3.1.0
22 silly idealTree +-- randomatic@1.1.7
22 silly idealTree | +-- is-number@3.0.0
22 silly idealTree | | `-- kind-of@3.2.2
22 silly idealTree | `-- kind-of@4.0.0
22 silly idealTree +-- range-parser@1.2.0
22 silly idealTree +-- raw-body@2.3.2
22 silly idealTree +-- readable-stream@2.3.3
22 silly idealTree +-- regex-cache@0.4.3
22 silly idealTree +-- remove-trailing-separator@1.0.2
22 silly idealTree +-- repeat-element@1.1.2
22 silly idealTree +-- repeat-string@1.6.1
22 silly idealTree +-- replace-ext@0.0.1
22 silly idealTree +-- request@2.81.0
22 silly idealTree | +-- caseless@0.12.0
22 silly idealTree | +-- har-validator@4.2.1
22 silly idealTree | +-- qs@6.4.0
22 silly idealTree | `-- tunnel-agent@0.6.0
22 silly idealTree +-- requirejs@2.3.5
22 silly idealTree +-- requires-port@1.0.0
22 silly idealTree +-- rimraf@2.6.1
22 silly idealTree | +-- glob@7.1.2
22 silly idealTree | `-- minimatch@3.0.4
22 silly idealTree +-- rx@4.1.0
22 silly idealTree +-- safe-buffer@5.1.1
22 silly idealTree +-- semver@5.3.0
22 silly idealTree +-- send@0.16.1
22 silly idealTree +-- serve-static@1.13.1
22 silly idealTree +-- setprototypeof@1.1.0
22 silly idealTree +-- sntp@1.0.9
22 silly idealTree +-- socket.io-adapter@1.1.1
22 silly idealTree +-- socket.io-client@2.0.3
22 silly idealTree +-- socket.io-parser@3.1.2
22 silly idealTree | `-- isarray@2.0.1
22 silly idealTree +-- socket.io@2.0.3
22 silly idealTree | `-- object-assign@4.1.1
22 silly idealTree +-- source-map-support@0.4.15
22 silly idealTree +-- source-map@0.5.6
22 silly idealTree +-- sparkles@1.0.0
22 silly idealTree +-- split@0.3.3
22 silly idealTree +-- sshpk@1.13.1
22 silly idealTree | `-- assert-plus@1.0.0
22 silly idealTree +-- stat-mode@0.2.2
22 silly idealTree +-- statuses@1.3.1
22 silly idealTree +-- stream-combiner@0.0.4
22 silly idealTree +-- stream-shift@1.0.0
22 silly idealTree +-- streamfilter@1.0.5
22 silly idealTree +-- streamifier@0.1.1
22 silly idealTree +-- strict-uri-encode@1.1.0
22 silly idealTree +-- string_decoder@1.0.3
22 silly idealTree +-- stringstream@0.0.5
22 silly idealTree +-- strip-ansi@3.0.1
22 silly idealTree +-- strip-bom-stream@1.0.0
22 silly idealTree +-- strip-bom@2.0.0
22 silly idealTree +-- tar@2.2.1
22 silly idealTree +-- tcp-port-used@0.1.2
22 silly idealTree | `-- debug@0.7.4
22 silly idealTree +-- through@2.3.8
22 silly idealTree +-- through2-filter@2.0.0
22 silly idealTree +-- through2@2.0.3
22 silly idealTree +-- time-stamp@1.1.0
22 silly idealTree +-- to-absolute-glob@0.1.1
22 silly idealTree +-- to-array@0.1.4
22 silly idealTree +-- tough-cookie@2.3.2
22 silly idealTree +-- tunnel-agent@0.4.3
22 silly idealTree +-- tweetnacl@0.14.5
22 silly idealTree +-- type-is@1.6.15
22 silly idealTree +-- typescript@2.5.2
22 silly idealTree +-- ultron@1.1.0
22 silly idealTree +-- uniqid@4.1.1
22 silly idealTree +-- unique-stream@2.2.1
22 silly idealTree +-- unpipe@1.0.0
22 silly idealTree +-- url-parse@1.1.9
22 silly idealTree +-- util-deprecate@1.0.2
22 silly idealTree +-- utils-merge@1.0.1
22 silly idealTree +-- uuid@3.1.0
22 silly idealTree +-- uws@0.14.5
22 silly idealTree +-- vali-date@1.0.0
22 silly idealTree +-- vary@1.1.2
22 silly idealTree +-- verror@1.3.6
22 silly idealTree +-- vinyl-fs@2.4.4
22 silly idealTree | +-- object-assign@4.1.1
22 silly idealTree | `-- vinyl@1.2.0
22 silly idealTree +-- vinyl-source-stream@1.1.0
22 silly idealTree | +-- clone@0.2.0
22 silly idealTree | +-- isarray@0.0.1
22 silly idealTree | +-- readable-stream@1.0.34
22 silly idealTree | +-- string_decoder@0.10.31
22 silly idealTree | +-- through2@0.6.5
22 silly idealTree | `-- vinyl@0.4.6
22 silly idealTree +-- vinyl@0.5.3
22 silly idealTree +-- vscode-extension-telemetry@0.0.8
22 silly idealTree | +-- applicationinsights@0.18.0
22 silly idealTree | `-- winreg@1.2.3
22 silly idealTree +-- vscode-jsonrpc@3.4.0
22 silly idealTree +-- vscode-languageclient@3.4.2
22 silly idealTree +-- vscode-languageserver-protocol@3.4.1
22 silly idealTree +-- vscode-languageserver-types@3.4.0
22 silly idealTree +-- vscode@1.1.5
22 silly idealTree | +-- commander@2.9.0
22 silly idealTree | +-- debug@2.6.8
22 silly idealTree | +-- diff@3.2.0
22 silly idealTree | +-- escape-string-regexp@1.0.5
22 silly idealTree | +-- glob@7.1.2
22 silly idealTree | +-- minimatch@3.0.4
22 silly idealTree | +-- mocha@3.5.3
22 silly idealTree | | `-- glob@7.1.1
22 silly idealTree | +-- ms@2.0.0
22 silly idealTree | `-- supports-color@3.1.2
22 silly idealTree +-- wrappy@1.0.2
22 silly idealTree +-- ws@2.3.1
22 silly idealTree | `-- safe-buffer@5.0.1
22 silly idealTree +-- xmlhttprequest-ssl@1.5.3
22 silly idealTree +-- xtend@4.0.1
22 silly idealTree +-- yauzl@2.8.0
22 silly idealTree +-- yazl@2.4.2
22 silly idealTree +-- yeast@0.1.2
22 silly idealTree `-- zone.js@0.7.6
23 silly generateActionsToTake Starting
24 silly install generateActionsToTake
25 silly generateActionsToTake Finishing
26 silly diffTrees action count 0
27 silly decomposeActions action count 0
28 silly runTopLevelLifecycles Starting
29 silly install runPreinstallTopLevelLifecycles
30 silly preinstall r@0.0.1 F:\RTVS\src\VsCode\Extension\r-6792ddf8
31 info lifecycle r@0.0.1~preinstall: r@0.0.1
32 silly lifecycle r@0.0.1~preinstall: no script for preinstall, continuing
33 silly executeActions Starting
34 silly install executeActions
35 silly doSerial global-install 0
36 silly doParallel fetch 0
37 verbose correctMkdir C:\Users\mikhaila.REDMOND\AppData\Roaming\npm-cache\_locks correctMkdir not in flight; initializing
38 verbose lock using C:\Users\mikhaila.REDMOND\AppData\Roaming\npm-cache\_locks\staging-c8cf2f29f219c88c.lock for F:\RTVS\src\VsCode\Extension\node_modules\.staging
39 silly doParallel extract 0
40 silly doParallel preinstall 0
41 silly doReverseSerial remove 0
42 silly doSerial move 0
43 silly doSerial finalize 0
44 silly doSerial build 0
45 silly doSerial global-link 0
46 silly doParallel update-linked 0
47 silly doSerial install 0
48 silly doSerial postinstall 0
49 verbose unlock done using C:\Users\mikhaila.REDMOND\AppData\Roaming\npm-cache\_locks\staging-c8cf2f29f219c88c.lock for F:\RTVS\src\VsCode\Extension\node_modules\.staging
50 silly executeActions Finishing
51 silly rollbackFailedOptional Starting
52 silly rollbackFailedOptional Finishing
53 silly install runPostinstallTopLevelLifecycles
54 silly build r@0.0.1
55 info linkStuff r@0.0.1
56 silly linkStuff r@0.0.1 has F:\RTVS\src\VsCode as its parent node_modules
57 verbose linkBins r@0.0.1
58 verbose linkMans r@0.0.1
59 silly install r@0.0.1 F:\RTVS\src\VsCode\Extension\r-6792ddf8
60 info lifecycle r@0.0.1~install: r@0.0.1
61 silly lifecycle r@0.0.1~install: no script for install, continuing
62 silly postinstall r@0.0.1 F:\RTVS\src\VsCode\Extension\r-6792ddf8
63 info lifecycle r@0.0.1~postinstall: r@0.0.1
64 verbose lifecycle r@0.0.1~postinstall: unsafe-perm in lifecycle true
65 verbose lifecycle r@0.0.1~postinstall: PATH: C:\Program Files\nodejs\node_modules\npm\bin\node-gyp-bin;F:\RTVS\src\VsCode\Extension\node_modules\.bin;C:\Program Files\Docker\Docker\Resources\bin;C:\Program Files\Microsoft MPI\Bin\;C:\Program Files (x86)\Intel\iCLS Client\;C:\Program Files\Intel\iCLS Client\;C:\WINDOWS\system32;C:\WINDOWS;C:\WINDOWS\System32\Wbem;C:\WINDOWS\System32\WindowsPowerShell\v1.0\;C:\Program Files (x86)\Intel\Intel(R) Management Engine Components\DAL;C:\Program Files\Intel\Intel(R) Management Engine Components\DAL;C:\Program Files (x86)\Intel\Intel(R) Management Engine Components\IPT;C:\Program Files\Intel\Intel(R) Management Engine Components\IPT;c:\Program Files (x86)\HP\HP Performance Advisor;C:\Program Files\Microsoft SQL Server\130\Tools\Binn\;C:\Program Files\dotnet\;C:\Users\mikhaila.REDMOND\.dnx\bin;C:\Program Files\Microsoft DNX\Dnvm\;C:\Program Files\Microsoft SQL Server\120\Tools\Binn\;C:\Program Files\R\R-3.4.0\bin\x64;C:\Program Files (x86)\Pandoc\;C:\Program Files\nodejs\;C:\Program Files\Git\cmd;C:\Users\mikhaila.REDMOND\.dnx\bin;C:\Users\mikhaila.REDMOND\AppData\Local\Microsoft\WindowsApps;C:\Program Files (x86)\Microsoft VS Code\bin;C:\Users\mikhaila.REDMOND\AppData\Roaming\npm;C:\Program Files (x86)\Microsoft SDKs\TypeScript\2.5;
66 verbose lifecycle r@0.0.1~postinstall: CWD: F:\RTVS\src\VsCode\Extension
67 silly lifecycle r@0.0.1~postinstall: Args: [ '/d /s /c', 'node ./node_modules/vscode/bin/install' ]
68 silly lifecycle r@0.0.1~postinstall: Returned: code: 1  signal: null
69 info lifecycle r@0.0.1~postinstall: Failed to exec postinstall script
70 verbose stack Error: r@0.0.1 postinstall: `node ./node_modules/vscode/bin/install`
70 verbose stack Exit status 1
70 verbose stack     at EventEmitter.<anonymous> (C:\Program Files\nodejs\node_modules\npm\lib\utils\lifecycle.js:255:16)
70 verbose stack     at emitTwo (events.js:106:13)
70 verbose stack     at EventEmitter.emit (events.js:191:7)
70 verbose stack     at ChildProcess.<anonymous> (C:\Program Files\nodejs\node_modules\npm\lib\utils\spawn.js:40:14)
70 verbose stack     at emitTwo (events.js:106:13)
70 verbose stack     at ChildProcess.emit (events.js:191:7)
70 verbose stack     at maybeClose (internal/child_process.js:891:16)
70 verbose stack     at Process.ChildProcess._handle.onexit (internal/child_process.js:226:5)
71 verbose pkgid r@0.0.1
72 verbose cwd F:\RTVS\src\VsCode\Extension
73 error Windows_NT 10.0.15063
74 error argv "C:\\Program Files\\nodejs\\node.exe" "C:\\Program Files\\nodejs\\node_modules\\npm\\bin\\npm-cli.js" "install"
75 error node v6.11.1
76 error npm  v3.10.10
77 error code ELIFECYCLE
78 error r@0.0.1 postinstall: `node ./node_modules/vscode/bin/install`
78 error Exit status 1
79 error Failed at the r@0.0.1 postinstall script 'node ./node_modules/vscode/bin/install'.
79 error Make sure you have the latest version of node.js and npm installed.
79 error If you do, this is most likely a problem with the r package,
79 error not with npm itself.
79 error Tell the author that this fails on your system:
79 error     node ./node_modules/vscode/bin/install
79 error You can get information on how to open an issue for this project with:
79 error     npm bugs r
79 error Or if that isn't available, you can get their info via:
79 error     npm owner ls r
79 error There is likely additional logging output above.
80 verbose exit [ 1, true ]
